<?xml version="1.0" encoding="UTF-8"?>
<!-- Generated by org.testng.reporters.JUnitXMLReporter -->
<testsuite hostname="md1zxb7c" ignored="0" name="Default test" tests="4" failures="0" timestamp="2019-10-05T14:16:51 IST" time="2.593" errors="0">
  <testcase name="NavigateToCategories" time="1.879" classname="com.mmt.testcases.FilterTest"/>
  <testcase name="ValidateFilters" time="0.035" classname="com.mmt.testcases.FilterTest"/>
  <testcase name="ValidateDisplayedBreadCrumb" time="0.022" classname="com.mmt.testcases.FilterTest"/>
  <testcase name="ValidateSelectedFilters" time="0.615" classname="com.mmt.testcases.FilterTest"/>
</testsuite> <!-- Default test -->
