<?xml version="1.0" encoding="UTF-8"?>
<testsuite name="TestSuite" time="2.949" tests="4" errors="0" skipped="0" failures="0">
  <properties>
[...]
</properties>
  <testcase name="NavigateToCategories" classname="com.mmt.testcases.FilterTest" time="2.15"/>
  <testcase name="ValidateFilters" classname="com.mmt.testcases.FilterTest" time="0.074"/>
  <testcase name="ValidateDisplayedBreadCrumb" classname="com.mmt.testcases.FilterTest" time="0.022"/>
  <testcase name="ValidateSelectedFilters" classname="com.mmt.testcases.FilterTest" time="0.703"/>
</testsuite>