<?xml version="1.0" encoding="UTF-8"?>
<testng-results skipped="0" failed="0" ignored="0" total="4" passed="4">
  <reporter-output>
    <line>
      <![CDATA[Click on Men]]>
    </line>
    <line>
      <![CDATA[Filters option is displayed]]>
    </line>
    <line>
      <![CDATA[Breadcrumb is displayed]]>
    </line>
    <line>
      <![CDATA[Filter is selected]]>
    </line>
  </reporter-output>
  <suite name="Automate Mnytra" duration-ms="2984" started-at="2019-10-06T22:04:35 IST" finished-at="2019-10-06T22:04:38 IST">
    <groups>
    </groups>
    <test name="Filter test" duration-ms="2984" started-at="2019-10-06T22:04:35 IST" finished-at="2019-10-06T22:04:38 IST">
      <class name="com.mmt.testcases.FilterTest">
        <test-method status="PASS" signature="setUp()[pri:0, instance:com.mmt.testcases.FilterTest@62ee68d8]" name="setUp" is-config="true" duration-ms="11057" started-at="2019-10-06T22:04:24 IST" finished-at="2019-10-06T22:04:35 IST">
          <reporter-output>
          </reporter-output>
        </test-method> <!-- setUp -->
        <test-method status="PASS" signature="NavigateToCategories()[pri:1, instance:com.mmt.testcases.FilterTest@62ee68d8]" name="NavigateToCategories" duration-ms="2148" started-at="2019-10-06T22:04:35 IST" finished-at="2019-10-06T22:04:38 IST">
          <reporter-output>
            <line>
              <![CDATA[Click on Men]]>
            </line>
          </reporter-output>
        </test-method> <!-- NavigateToCategories -->
        <test-method status="PASS" signature="ValidateFilters()[pri:2, instance:com.mmt.testcases.FilterTest@62ee68d8]" name="ValidateFilters" duration-ms="74" started-at="2019-10-06T22:04:38 IST" finished-at="2019-10-06T22:04:38 IST">
          <reporter-output>
            <line>
              <![CDATA[Filters option is displayed]]>
            </line>
          </reporter-output>
        </test-method> <!-- ValidateFilters -->
        <test-method status="PASS" signature="ValidateDisplayedBreadCrumb()[pri:3, instance:com.mmt.testcases.FilterTest@62ee68d8]" name="ValidateDisplayedBreadCrumb" duration-ms="23" started-at="2019-10-06T22:04:38 IST" finished-at="2019-10-06T22:04:38 IST">
          <reporter-output>
            <line>
              <![CDATA[Breadcrumb is displayed]]>
            </line>
          </reporter-output>
        </test-method> <!-- ValidateDisplayedBreadCrumb -->
        <test-method status="PASS" signature="ValidateSelectedFilters()[pri:4, instance:com.mmt.testcases.FilterTest@62ee68d8]" name="ValidateSelectedFilters" duration-ms="703" started-at="2019-10-06T22:04:38 IST" finished-at="2019-10-06T22:04:38 IST">
          <reporter-output>
            <line>
              <![CDATA[Filter is selected]]>
            </line>
          </reporter-output>
        </test-method> <!-- ValidateSelectedFilters -->
        <test-method status="PASS" signature="tearDown()[pri:0, instance:com.mmt.testcases.FilterTest@62ee68d8]" name="tearDown" is-config="true" duration-ms="807" started-at="2019-10-06T22:04:38 IST" finished-at="2019-10-06T22:04:39 IST">
          <reporter-output>
          </reporter-output>
        </test-method> <!-- tearDown -->
      </class> <!-- com.mmt.testcases.FilterTest -->
    </test> <!-- Filter test -->
  </suite> <!-- Automate Mnytra -->
</testng-results>
