<?xml version="1.0" encoding="UTF-8"?>
<!-- Generated by org.testng.reporters.JUnitXMLReporter -->
<testsuite hostname="md1zxb7c" ignored="0" name="Filter test" tests="4" failures="0" timestamp="2019-10-06T22:04:38 IST" time="2.984" errors="0">
  <testcase name="NavigateToCategories" time="2.148" classname="com.mmt.testcases.FilterTest"/>
  <testcase name="ValidateFilters" time="0.074" classname="com.mmt.testcases.FilterTest"/>
  <testcase name="ValidateDisplayedBreadCrumb" time="0.023" classname="com.mmt.testcases.FilterTest"/>
  <testcase name="ValidateSelectedFilters" time="0.703" classname="com.mmt.testcases.FilterTest"/>
</testsuite> <!-- Filter test -->
